<?xml version="1.0" encoding="UTF-8"?>
<!-- Generated by org.testng.reporters.JUnitReportReporter -->
<testsuite hostname="INCHCMLP12064" failures="0" tests="1" name="Automationn.E2EProject.Homepage" time="13.333" errors="0" timestamp="2022-07-24T00:01:21 IST" skipped="0">
  <testcase classname="Automationn.E2EProject.Homepage" name="invokebrowser" time="13.333"/>
  <system-out/>
</testsuite> <!-- Automationn.E2EProject.Homepage -->
