<?xml version="1.0" encoding="UTF-8"?>
<!-- Generated by org.testng.reporters.JUnitReportReporter -->
<testsuite hostname="DESKTOP-KHK784A" failures="0" tests="4" name="Automationn.E2EProject.ValidateBookingPage" time="19.196" errors="0" timestamp="2022-12-29T16:22:14 IST" skipped="0">
  <testcase classname="Automationn.E2EProject.ValidateBookingPage" name="sitelogin" time="7.172"/>
  <system-out/>
  <testcase classname="Automationn.E2EProject.ValidateBookingPage" name="booking" time="2.244"/>
  <system-out/>
  <testcase classname="Automationn.E2EProject.ValidateBookingPage" name="booking" time="9.039"/>
  <system-out/>
  <testcase classname="Automationn.E2EProject.ValidateBookingPage" name="validate" time="0.741"/>
  <system-out/>
</testsuite> <!-- Automationn.E2EProject.ValidateBookingPage -->
