<?xml version="1.0" encoding="UTF-8"?>
<!-- Generated by org.testng.reporters.JUnitReportReporter -->
<testsuite hostname="DESKTOP-KHK784A" failures="0" tests="4" name="Automationn.E2EProject.ValidateBookingPage" time="7.527" errors="0" timestamp="2023-01-05T18:28:35 IST" skipped="0">
  <testcase classname="Automationn.E2EProject.ValidateBookingPage" name="sitelogin" time="2.060"/>
  <system-out/>
  <testcase classname="Automationn.E2EProject.ValidateBookingPage" name="booking" time="2.370"/>
  <system-out/>
  <testcase classname="Automationn.E2EProject.ValidateBookingPage" name="booking" time="2.612"/>
  <system-out/>
  <testcase classname="Automationn.E2EProject.ValidateBookingPage" name="validate" time="0.485"/>
  <system-out/>
</testsuite> <!-- Automationn.E2EProject.ValidateBookingPage -->
